[debug] [2026-04-11T08:00:27.899Z] ----------------------------------------------------------------------
[debug] [2026-04-11T08:00:27.901Z] Command:       /usr/local/bin/node /usr/local/bin/firebase deploy --only firestore:indexes
[debug] [2026-04-11T08:00:27.901Z] CLI Version:   13.31.0
[debug] [2026-04-11T08:00:27.901Z] Platform:      darwin
[debug] [2026-04-11T08:00:27.901Z] Node Version:  v22.12.0
[debug] [2026-04-11T08:00:27.901Z] Time:          Sat Apr 11 2026 13:30:27 GMT+0530 (India Standard Time)
[debug] [2026-04-11T08:00:27.901Z] ----------------------------------------------------------------------
[debug] 
[debug] [2026-04-11T08:00:27.963Z] > command requires scopes: ["email","openid","https://www.googleapis.com/auth/cloudplatformprojects.readonly","https://www.googleapis.com/auth/firebase","https://www.googleapis.com/auth/cloud-platform"]
[debug] [2026-04-11T08:00:27.963Z] > authorizing via signed-in user (v@cosmoops.com)
[debug] [2026-04-11T08:00:27.963Z] [iam] checking project knowledge-base-cosmoops for permissions ["datastore.indexes.create","datastore.indexes.delete","datastore.indexes.list","datastore.indexes.update","firebase.projects.get"]
[debug] [2026-04-11T08:00:27.964Z] Checked if tokens are valid: true, expires at: 1775897875772
[debug] [2026-04-11T08:00:27.964Z] Checked if tokens are valid: true, expires at: 1775897875772
[debug] [2026-04-11T08:00:27.964Z] >>> [apiv2][query] POST https://cloudresourcemanager.googleapis.com/v1/projects/knowledge-base-cosmoops:testIamPermissions [none]
[debug] [2026-04-11T08:00:27.964Z] >>> [apiv2][(partial)header] POST https://cloudresourcemanager.googleapis.com/v1/projects/knowledge-base-cosmoops:testIamPermissions x-goog-quota-user=projects/knowledge-base-cosmoops
[debug] [2026-04-11T08:00:27.964Z] >>> [apiv2][body] POST https://cloudresourcemanager.googleapis.com/v1/projects/knowledge-base-cosmoops:testIamPermissions {"permissions":["datastore.indexes.create","datastore.indexes.delete","datastore.indexes.list","datastore.indexes.update","firebase.projects.get"]}
[debug] [2026-04-11T08:00:29.269Z] <<< [apiv2][status] POST https://cloudresourcemanager.googleapis.com/v1/projects/knowledge-base-cosmoops:testIamPermissions 200
[debug] [2026-04-11T08:00:29.270Z] <<< [apiv2][body] POST https://cloudresourcemanager.googleapis.com/v1/projects/knowledge-base-cosmoops:testIamPermissions {"permissions":["datastore.indexes.create","datastore.indexes.delete","datastore.indexes.list","datastore.indexes.update","firebase.projects.get"]}
[info] 
[info] === Deploying to 'knowledge-base-cosmoops'...
[info] 
[info] i  deploying firestore 
[info] i  firestore: reading indexes from firestore.indexes.json... 
[info] i  cloud.firestore: checking firestore.rules for compilation errors... 
[debug] [2026-04-11T08:00:29.273Z] Checked if tokens are valid: true, expires at: 1775897875772
[debug] [2026-04-11T08:00:29.273Z] Checked if tokens are valid: true, expires at: 1775897875772
[debug] [2026-04-11T08:00:29.273Z] >>> [apiv2][query] POST https://firebaserules.googleapis.com/v1/projects/knowledge-base-cosmoops:test [none]
[debug] [2026-04-11T08:00:29.273Z] >>> [apiv2][body] POST https://firebaserules.googleapis.com/v1/projects/knowledge-base-cosmoops:test [omitted]
[debug] [2026-04-11T08:00:30.883Z] <<< [apiv2][status] POST https://firebaserules.googleapis.com/v1/projects/knowledge-base-cosmoops:test 200
[debug] [2026-04-11T08:00:30.883Z] <<< [apiv2][body] POST https://firebaserules.googleapis.com/v1/projects/knowledge-base-cosmoops:test {}
[info] ✔  cloud.firestore: rules file firestore.rules compiled successfully 
[info] i  firestore: deploying indexes... 
[debug] [2026-04-11T08:00:30.884Z] Checked if tokens are valid: true, expires at: 1775897875772
[debug] [2026-04-11T08:00:30.884Z] Checked if tokens are valid: true, expires at: 1775897875772
[debug] [2026-04-11T08:00:30.884Z] >>> [apiv2][query] GET https://firestore.googleapis.com/v1/projects/knowledge-base-cosmoops/databases/(default)/collectionGroups/-/indexes [none]
[debug] [2026-04-11T08:00:32.488Z] <<< [apiv2][status] GET https://firestore.googleapis.com/v1/projects/knowledge-base-cosmoops/databases/(default)/collectionGroups/-/indexes 200
[debug] [2026-04-11T08:00:32.489Z] <<< [apiv2][body] GET https://firestore.googleapis.com/v1/projects/knowledge-base-cosmoops/databases/(default)/collectionGroups/-/indexes {"indexes":[{"name":"projects/knowledge-base-cosmoops/databases/(default)/collectionGroups/audits/indexes/CICAgPjChIAK","queryScope":"COLLECTION_GROUP","fields":[{"fieldPath":"eventType","order":"ASCENDING"},{"fieldPath":"timestamp","order":"ASCENDING"},{"fieldPath":"__name__","order":"ASCENDING"}],"state":"READY","density":"SPARSE_ALL"},{"name":"projects/knowledge-base-cosmoops/databases/(default)/collectionGroups/documents/indexes/CICAgNiav4AK","queryScope":"COLLECTION_GROUP","fields":[{"fieldPath":"orgId","order":"ASCENDING"},{"fieldPath":"storeId","order":"ASCENDING"},{"fieldPath":"kind","order":"ASCENDING"},{"fieldPath":"name","order":"ASCENDING"},{"fieldPath":"__name__","order":"ASCENDING"}],"state":"READY","density":"SPARSE_ALL"},{"name":"projects/knowledge-base-cosmoops/databases/(default)/collectionGroups/documents/indexes/CICAgNiroIEK","queryScope":"COLLECTION","fields":[{"fieldPath":"name","order":"ASCENDING"},{"fieldPath":"kind","order":"ASCENDING"},{"fieldPath":"__name__","order":"ASCENDING"}],"state":"READY","density":"SPARSE_ALL"},{"name":"projects/knowledge-base-cosmoops/databases/(default)/collectionGroups/documents/indexes/CICAgJj7z4EK","queryScope":"COLLECTION_GROUP","fields":[{"fieldPath":"orgId","order":"ASCENDING"},{"fieldPath":"storeId","order":"ASCENDING"},{"fieldPath":"createdAt","order":"DESCENDING"},{"fieldPath":"__name__","order":"DESCENDING"}],"state":"READY","density":"SPARSE_ALL"},{"name":"projects/knowledge-base-cosmoops/databases/(default)/collectionGroups/documents/indexes/CICAgLiT6IEK","queryScope":"COLLECTION_GROUP","fields":[{"fieldPath":"kind","order":"ASCENDING"},{"fieldPath":"status","order":"ASCENDING"},{"fieldPath":"createdAt","order":"DESCENDING"},{"fieldPath":"__name__","order":"DESCENDING"}],"state":"READY","density":"SPARSE_ALL"},{"name":"projects/knowledge-base-cosmoops/databases/(default)/collectionGroups/documents/indexes/CICAgNjpgYIK","queryScope":"COLLECTION_GROUP","fields":[{"fieldPath":"orgId","order":"ASCENDING"},{"fieldPath":"storeId","order":"ASCENDING"},{"fieldPath":"updatedAt","order":"DESCENDING"},{"fieldPath":"__name__","order":"DESCENDING"}],"state":"READY","density":"SPARSE_ALL"},{"name":"projects/knowledge-base-cosmoops/databases/(default)/collectionGroups/documents/indexes/CICAgLjRyYIK","queryScope":"COLLECTION","fields":[{"fieldPath":"__name__","order":"ASCENDING"},{"fieldPath":"embedding","vectorConfig":{"dimension":768,"flat":{}}}],"state":"READY","density":"SPARSE_ALL"},{"name":"projects/knowledge-base-cosmoops/databases/(default)/collectionGroups/documents/indexes/CICAgPig2YMK","queryScope":"COLLECTION","fields":[{"fieldPath":"aiStatus","order":"ASCENDING"},{"fieldPath":"__name__","order":"ASCENDING"},{"fieldPath":"embedding","vectorConfig":{"dimension":768,"flat":{}}}],"state":"READY","density":"SPARSE_ALL"},{"name":"projects/knowledge-base-cosmoops/databases/(default)/collectionGroups/documents/indexes/CICAgNi47oMK","queryScope":"COLLECTION_GROUP","fields":[{"fieldPath":"orgId","order":"ASCENDING"},{"fieldPath":"storeId","order":"ASCENDING"},{"fieldPath":"name","order":"ASCENDING"},{"fieldPath":"__name__","order":"ASCENDING"}],"state":"READY","density":"SPARSE_ALL"},{"name":"projects/knowledge-base-cosmoops/databases/(default)/collectionGroups/documents/indexes/CICAgJjmnIgK","queryScope":"COLLECTION","fields":[{"fieldPath":"source.id","order":"ASCENDING"},{"fieldPath":"__name__","order":"ASCENDING"},{"fieldPath":"embedding","vectorConfig":{"dimension":768,"flat":{}}}],"state":"READY","density":"SPARSE_ALL"},{"name":"projects/knowledge-base-cosmoops/databases/(default)/collectionGroups/documents/indexes/CICAgJiHgokK","queryScope":"COLLECTION_GROUP","fields":[{"fieldPath":"status","order":"ASCENDING"},{"fieldPath":"createdAt","order":"DESCENDING"},{"fieldPath":"__name__","order":"DESCENDING"}],"state":"READY","density":"SPARSE_ALL"},{"name":"projects/knowledge-base-cosmoops/databases/(default)/collectionGroups/audits/indexes/CICAgNjp84oK","queryScope":"COLLECTION_GROUP","fields":[{"fieldPath":"actorEmail","order":"ASCENDING"},{"fieldPath":"eventType","order":"ASCENDING"},{"fieldPath":"timestamp","order":"ASCENDING"},{"fieldPath":"__name__","order":"ASCENDING"}],"state":"READY","density":"SPARSE_ALL"},{"name":"projects/knowledge-base-cosmoops/databases/(default)/collectionGroups/documents/indexes/CICAgJiH2JAK","queryScope":"COLLECTION_GROUP","fields":[{"fieldPath":"status","order":"ASCENDING"},{"fieldPath":"updatedAt","order":"DESCENDING"},{"fieldPath":"__name__","order":"DESCENDING"}],"state":"READY","density":"SPARSE_ALL"},{"name":"projects/knowledge-base-cosmoops/databases/(default)/collectionGroups/stores/indexes/CICAgJjmiJEK","queryScope":"COLLECTION_GROUP","fields":[{"fieldPath":"orgId","order":"ASCENDING"},{"fieldPath":"createdAt","order":"DESCENDING"},{"fieldPath":"__name__","order":"DESCENDING"}],"state":"READY","density":"SPARSE_ALL"},{"name":"projects/knowledge-base-cosmoops/databases/(default)/collectionGroups/auditLog/indexes/CICAgNi4-ZIK","queryScope":"COLLECTION","fields":[{"fieldPath":"orgId","order":"ASCENDING"},{"fieldPath":"eventType","order":"ASCENDING"},{"fieldPath":"timestamp","order":"ASCENDING"},{"fieldPath":"__name__","order":"ASCENDING"}],"state":"READY","density":"SPARSE_ALL"},{"name":"projects/knowledge-base-cosmoops/databases/(default)/collectionGroups/documents/indexes/CICAgLjRnZMK","queryScope":"COLLECTION","fields":[{"fieldPath":"kind","order":"ASCENDING"},{"fieldPath":"__name__","order":"ASCENDING"},{"fieldPath":"embedding","vectorConfig":{"dimension":768,"flat":{}}}],"state":"READY","density":"SPARSE_ALL"},{"name":"projects/knowledge-base-cosmoops/databases/(default)/collectionGroups/stores/indexes/CICAgJjFqZMK","queryScope":"COLLECTION_GROUP","fields":[{"fieldPath":"orgId","order":"ASCENDING"},{"fieldPath":"name","order":"ASCENDING"},{"fieldPath":"__name__","order":"ASCENDING"}],"state":"READY","density":"SPARSE_ALL"},{"name":"projects/knowledge-base-cosmoops/databases/(default)/collectionGroups/api_keys/indexes/CICAgNjp5ZMK","queryScope":"COLLECTION","fields":[{"fieldPath":"isRevoked","order":"ASCENDING"},{"fieldPath":"orgId","order":"ASCENDING"},{"fieldPath":"createdAt","order":"DESCENDING"},{"fieldPath":"__name__","order":"DESCENDING"}],"state":"READY","density":"SPARSE_ALL"},{"name":"projects/knowledge-base-cosmoops/databases/(default)/collectionGroups/documents/indexes/CICAgJiHlpgK","queryScope":"COLLECTION","fields":[{"fieldPath":"source.collection","order":"ASCENDING"},{"fieldPath":"__name__","order":"ASCENDING"},{"fieldPath":"embedding","vectorConfig":{"dimension":768,"flat":{}}}],"state":"READY","density":"SPARSE_ALL"},{"name":"projects/knowledge-base-cosmoops/databases/(default)/collectionGroups/documents/indexes/CICAgNjajpkK","queryScope":"COLLECTION_GROUP","fields":[{"fieldPath":"status","order":"ASCENDING"},{"fieldPath":"name","order":"ASCENDING"},{"fieldPath":"__name__","order":"ASCENDING"}],"state":"READY","density":"SPARSE_ALL"},{"name":"projects/knowledge-base-cosmoops/databases/(default)/collectionGroups/documents/indexes/CICAgJiUpoML","queryScope":"COLLECTION_GROUP","fields":[{"fieldPath":"orgId","order":"ASCENDING"},{"fieldPath":"storeId","order":"ASCENDING"},{"fieldPath":"kind","order":"ASCENDING"},{"fieldPath":"createdAt","order":"DESCENDING"},{"fieldPath":"__name__","order":"DESCENDING"}],"state":"READY","density":"SPARSE_ALL"}]}
[debug] [2026-04-11T08:00:32.489Z] Checked if tokens are valid: true, expires at: 1775897875772
[debug] [2026-04-11T08:00:32.489Z] Checked if tokens are valid: true, expires at: 1775897875772
[debug] [2026-04-11T08:00:32.489Z] >>> [apiv2][query] GET https://firestore.googleapis.com/v1/projects/knowledge-base-cosmoops/databases/(default)/collectionGroups/-/fields?filter=indexConfig.usesAncestorConfig=false OR ttlConfig:* [none]
[debug] [2026-04-11T08:00:32.880Z] <<< [apiv2][status] GET https://firestore.googleapis.com/v1/projects/knowledge-base-cosmoops/databases/(default)/collectionGroups/-/fields?filter=indexConfig.usesAncestorConfig=false OR ttlConfig:* 200
[debug] [2026-04-11T08:00:32.880Z] <<< [apiv2][body] GET https://firestore.googleapis.com/v1/projects/knowledge-base-cosmoops/databases/(default)/collectionGroups/-/fields?filter=indexConfig.usesAncestorConfig=false OR ttlConfig:* {"fields":[{"name":"projects/knowledge-base-cosmoops/databases/(default)/collectionGroups/__default__/fields/*","indexConfig":{"indexes":[{"queryScope":"COLLECTION","fields":[{"fieldPath":"*","order":"ASCENDING"}],"state":"READY"},{"queryScope":"COLLECTION","fields":[{"fieldPath":"*","order":"DESCENDING"}],"state":"READY"},{"queryScope":"COLLECTION","fields":[{"fieldPath":"*","arrayConfig":"CONTAINS"}],"state":"READY"}]}}]}
[info] i  firestore: The following indexes are defined in your project but are not present in your firestore indexes file:
	(audits) -- (actorEmail,ASCENDING) (eventType,ASCENDING) (timestamp,ASCENDING) 
	(auditLog) -- (orgId,ASCENDING) (eventType,ASCENDING) (timestamp,ASCENDING)  
